2017/12/11 00:53:21 [error] [exception.CDbException] exception 'CDbException' with message 'CDbConnection failed to open the DB connection: could not find driver' in /opt/lampp/htdocs/yii/framework/db/CDbConnection.php:399
Stack trace:
#0 /opt/lampp/htdocs/yii/framework/db/CDbConnection.php(347): CDbConnection->open()
#1 /opt/lampp/htdocs/yii/framework/db/CDbConnection.php(325): CDbConnection->setActive(true)
#2 /opt/lampp/htdocs/yii/framework/base/CModule.php(394): CDbConnection->init()
#3 /opt/lampp/htdocs/yii/framework/cli/commands/MigrateCommand.php(472): CModule->getComponent('db')
#4 /opt/lampp/htdocs/yii/framework/cli/commands/MigrateCommand.php(481): MigrateCommand->getDbConnection()
#5 /opt/lampp/htdocs/yii/framework/cli/commands/MigrateCommand.php(512): MigrateCommand->getMigrationHistory(-1)
#6 /opt/lampp/htdocs/yii/framework/cli/commands/MigrateCommand.php(84): MigrateCommand->getNewMigrations()
#7 [internal function]: MigrateCommand->actionUp(Array)
#8 /opt/lampp/htdocs/yii/framework/console/CConsoleCommand.php(172): ReflectionMethod->invokeArgs(Object(MigrateCommand), Array)
#9 /opt/lampp/htdocs/yii/framework/console/CConsoleCommandRunner.php(71): CConsoleCommand->run(Array)
#10 /opt/lampp/htdocs/yii/framework/console/CConsoleApplication.php(92): CConsoleCommandRunner->run(Array)
#11 /opt/lampp/htdocs/yii/framework/base/CApplication.php(185): CConsoleApplication->processRequest()
#12 /opt/lampp/htdocs/yii/framework/yiic.php(33): CApplication->run()
#13 /opt/lampp/htdocs/restfulapi/protected/yiic.php(7): require_once('/opt/lampp/htdo...')
#14 /opt/lampp/htdocs/restfulapi/protected/yiic(4): require_once('/opt/lampp/htdo...')
#15 {main}
---
2017/12/11 01:13:03 [error] [exception.CDbException] exception 'CDbException' with message 'CDbConnection failed to open the DB connection: could not find driver' in /opt/lampp/htdocs/yii/framework/db/CDbConnection.php:399
Stack trace:
#0 /opt/lampp/htdocs/yii/framework/db/CDbConnection.php(347): CDbConnection->open()
#1 /opt/lampp/htdocs/yii/framework/db/CDbConnection.php(325): CDbConnection->setActive(true)
#2 /opt/lampp/htdocs/yii/framework/base/CModule.php(394): CDbConnection->init()
#3 /opt/lampp/htdocs/yii/framework/cli/commands/MigrateCommand.php(472): CModule->getComponent('db')
#4 /opt/lampp/htdocs/yii/framework/cli/commands/MigrateCommand.php(481): MigrateCommand->getDbConnection()
#5 /opt/lampp/htdocs/yii/framework/cli/commands/MigrateCommand.php(512): MigrateCommand->getMigrationHistory(-1)
#6 /opt/lampp/htdocs/yii/framework/cli/commands/MigrateCommand.php(84): MigrateCommand->getNewMigrations()
#7 [internal function]: MigrateCommand->actionUp(Array)
#8 /opt/lampp/htdocs/yii/framework/console/CConsoleCommand.php(172): ReflectionMethod->invokeArgs(Object(MigrateCommand), Array)
#9 /opt/lampp/htdocs/yii/framework/console/CConsoleCommandRunner.php(71): CConsoleCommand->run(Array)
#10 /opt/lampp/htdocs/yii/framework/console/CConsoleApplication.php(92): CConsoleCommandRunner->run(Array)
#11 /opt/lampp/htdocs/yii/framework/base/CApplication.php(185): CConsoleApplication->processRequest()
#12 /opt/lampp/htdocs/yii/framework/yiic.php(33): CApplication->run()
#13 /opt/lampp/htdocs/restfulapi/protected/yiic.php(7): require_once('/opt/lampp/htdo...')
#14 {main}
---
2017/12/11 01:13:27 [error] [exception.CDbException] exception 'CDbException' with message 'CDbConnection failed to open the DB connection: could not find driver' in /opt/lampp/htdocs/yii/framework/db/CDbConnection.php:399
Stack trace:
#0 /opt/lampp/htdocs/yii/framework/db/CDbConnection.php(347): CDbConnection->open()
#1 /opt/lampp/htdocs/yii/framework/db/CDbConnection.php(325): CDbConnection->setActive(true)
#2 /opt/lampp/htdocs/yii/framework/base/CModule.php(394): CDbConnection->init()
#3 /opt/lampp/htdocs/yii/framework/cli/commands/MigrateCommand.php(472): CModule->getComponent('db')
#4 /opt/lampp/htdocs/yii/framework/cli/commands/MigrateCommand.php(481): MigrateCommand->getDbConnection()
#5 /opt/lampp/htdocs/yii/framework/cli/commands/MigrateCommand.php(512): MigrateCommand->getMigrationHistory(-1)
#6 /opt/lampp/htdocs/yii/framework/cli/commands/MigrateCommand.php(84): MigrateCommand->getNewMigrations()
#7 [internal function]: MigrateCommand->actionUp(Array)
#8 /opt/lampp/htdocs/yii/framework/console/CConsoleCommand.php(172): ReflectionMethod->invokeArgs(Object(MigrateCommand), Array)
#9 /opt/lampp/htdocs/yii/framework/console/CConsoleCommandRunner.php(71): CConsoleCommand->run(Array)
#10 /opt/lampp/htdocs/yii/framework/console/CConsoleApplication.php(92): CConsoleCommandRunner->run(Array)
#11 /opt/lampp/htdocs/yii/framework/base/CApplication.php(185): CConsoleApplication->processRequest()
#12 /opt/lampp/htdocs/yii/framework/yiic.php(33): CApplication->run()
#13 /opt/lampp/htdocs/restfulapi/protected/yiic.php(7): require_once('/opt/lampp/htdo...')
#14 {main}
---
2017/12/11 01:16:25 [error] [exception.CDbException] exception 'CDbException' with message 'CDbConnection failed to open the DB connection: could not find driver' in /opt/lampp/htdocs/yii/framework/db/CDbConnection.php:399
Stack trace:
#0 /opt/lampp/htdocs/yii/framework/db/CDbConnection.php(347): CDbConnection->open()
#1 /opt/lampp/htdocs/yii/framework/db/CDbConnection.php(325): CDbConnection->setActive(true)
#2 /opt/lampp/htdocs/yii/framework/base/CModule.php(394): CDbConnection->init()
#3 /opt/lampp/htdocs/yii/framework/cli/commands/MigrateCommand.php(472): CModule->getComponent('db')
#4 /opt/lampp/htdocs/yii/framework/cli/commands/MigrateCommand.php(481): MigrateCommand->getDbConnection()
#5 /opt/lampp/htdocs/yii/framework/cli/commands/MigrateCommand.php(512): MigrateCommand->getMigrationHistory(-1)
#6 /opt/lampp/htdocs/yii/framework/cli/commands/MigrateCommand.php(84): MigrateCommand->getNewMigrations()
#7 [internal function]: MigrateCommand->actionUp(Array)
#8 /opt/lampp/htdocs/yii/framework/console/CConsoleCommand.php(172): ReflectionMethod->invokeArgs(Object(MigrateCommand), Array)
#9 /opt/lampp/htdocs/yii/framework/console/CConsoleCommandRunner.php(71): CConsoleCommand->run(Array)
#10 /opt/lampp/htdocs/yii/framework/console/CConsoleApplication.php(92): CConsoleCommandRunner->run(Array)
#11 /opt/lampp/htdocs/yii/framework/base/CApplication.php(185): CConsoleApplication->processRequest()
#12 /opt/lampp/htdocs/yii/framework/yiic.php(33): CApplication->run()
#13 /opt/lampp/htdocs/restfulapi/protected/yiic.php(7): require_once('/opt/lampp/htdo...')
#14 /opt/lampp/htdocs/restfulapi/protected/yiic(4): require_once('/opt/lampp/htdo...')
#15 {main}
---
2017/12/11 01:21:57 [error] [exception.CDbException] exception 'CDbException' with message 'CDbConnection failed to open the DB connection: could not find driver' in /opt/lampp/htdocs/yii/framework/db/CDbConnection.php:399
Stack trace:
#0 /opt/lampp/htdocs/yii/framework/db/CDbConnection.php(347): CDbConnection->open()
#1 /opt/lampp/htdocs/yii/framework/db/CDbConnection.php(325): CDbConnection->setActive(true)
#2 /opt/lampp/htdocs/yii/framework/base/CModule.php(394): CDbConnection->init()
#3 /opt/lampp/htdocs/yii/framework/cli/commands/MigrateCommand.php(472): CModule->getComponent('db')
#4 /opt/lampp/htdocs/yii/framework/cli/commands/MigrateCommand.php(481): MigrateCommand->getDbConnection()
#5 /opt/lampp/htdocs/yii/framework/cli/commands/MigrateCommand.php(512): MigrateCommand->getMigrationHistory(-1)
#6 /opt/lampp/htdocs/yii/framework/cli/commands/MigrateCommand.php(84): MigrateCommand->getNewMigrations()
#7 [internal function]: MigrateCommand->actionUp(Array)
#8 /opt/lampp/htdocs/yii/framework/console/CConsoleCommand.php(172): ReflectionMethod->invokeArgs(Object(MigrateCommand), Array)
#9 /opt/lampp/htdocs/yii/framework/console/CConsoleCommandRunner.php(71): CConsoleCommand->run(Array)
#10 /opt/lampp/htdocs/yii/framework/console/CConsoleApplication.php(92): CConsoleCommandRunner->run(Array)
#11 /opt/lampp/htdocs/yii/framework/base/CApplication.php(185): CConsoleApplication->processRequest()
#12 /opt/lampp/htdocs/yii/framework/yiic.php(33): CApplication->run()
#13 /opt/lampp/htdocs/restfulapi/protected/yiic.php(7): require_once('/opt/lampp/htdo...')
#14 /opt/lampp/htdocs/restfulapi/protected/yiic(4): require_once('/opt/lampp/htdo...')
#15 {main}
---
2017/12/11 01:22:39 [error] [exception.CDbException] exception 'CDbException' with message 'CDbConnection failed to open the DB connection: could not find driver' in /opt/lampp/htdocs/yii/framework/db/CDbConnection.php:399
Stack trace:
#0 /opt/lampp/htdocs/yii/framework/db/CDbConnection.php(347): CDbConnection->open()
#1 /opt/lampp/htdocs/yii/framework/db/CDbConnection.php(325): CDbConnection->setActive(true)
#2 /opt/lampp/htdocs/yii/framework/base/CModule.php(394): CDbConnection->init()
#3 /opt/lampp/htdocs/yii/framework/cli/commands/MigrateCommand.php(472): CModule->getComponent('db')
#4 /opt/lampp/htdocs/yii/framework/cli/commands/MigrateCommand.php(481): MigrateCommand->getDbConnection()
#5 /opt/lampp/htdocs/yii/framework/cli/commands/MigrateCommand.php(512): MigrateCommand->getMigrationHistory(-1)
#6 /opt/lampp/htdocs/yii/framework/cli/commands/MigrateCommand.php(84): MigrateCommand->getNewMigrations()
#7 [internal function]: MigrateCommand->actionUp(Array)
#8 /opt/lampp/htdocs/yii/framework/console/CConsoleCommand.php(172): ReflectionMethod->invokeArgs(Object(MigrateCommand), Array)
#9 /opt/lampp/htdocs/yii/framework/console/CConsoleCommandRunner.php(71): CConsoleCommand->run(Array)
#10 /opt/lampp/htdocs/yii/framework/console/CConsoleApplication.php(92): CConsoleCommandRunner->run(Array)
#11 /opt/lampp/htdocs/yii/framework/base/CApplication.php(185): CConsoleApplication->processRequest()
#12 /opt/lampp/htdocs/yii/framework/yiic.php(33): CApplication->run()
#13 /opt/lampp/htdocs/restfulapi/protected/yiic.php(7): require_once('/opt/lampp/htdo...')
#14 /opt/lampp/htdocs/restfulapi/protected/yiic(4): require_once('/opt/lampp/htdo...')
#15 {main}
---
2017/12/11 01:23:07 [error] [exception.CDbException] exception 'CDbException' with message 'CDbConnection failed to open the DB connection: could not find driver' in /opt/lampp/htdocs/yii/framework/db/CDbConnection.php:399
Stack trace:
#0 /opt/lampp/htdocs/yii/framework/db/CDbConnection.php(347): CDbConnection->open()
#1 /opt/lampp/htdocs/yii/framework/db/CDbConnection.php(325): CDbConnection->setActive(true)
#2 /opt/lampp/htdocs/yii/framework/base/CModule.php(394): CDbConnection->init()
#3 /opt/lampp/htdocs/yii/framework/cli/commands/MigrateCommand.php(472): CModule->getComponent('db')
#4 /opt/lampp/htdocs/yii/framework/cli/commands/MigrateCommand.php(481): MigrateCommand->getDbConnection()
#5 /opt/lampp/htdocs/yii/framework/cli/commands/MigrateCommand.php(512): MigrateCommand->getMigrationHistory(-1)
#6 /opt/lampp/htdocs/yii/framework/cli/commands/MigrateCommand.php(84): MigrateCommand->getNewMigrations()
#7 [internal function]: MigrateCommand->actionUp(Array)
#8 /opt/lampp/htdocs/yii/framework/console/CConsoleCommand.php(172): ReflectionMethod->invokeArgs(Object(MigrateCommand), Array)
#9 /opt/lampp/htdocs/yii/framework/console/CConsoleCommandRunner.php(71): CConsoleCommand->run(Array)
#10 /opt/lampp/htdocs/yii/framework/console/CConsoleApplication.php(92): CConsoleCommandRunner->run(Array)
#11 /opt/lampp/htdocs/yii/framework/base/CApplication.php(185): CConsoleApplication->processRequest()
#12 /opt/lampp/htdocs/yii/framework/yiic.php(33): CApplication->run()
#13 /opt/lampp/htdocs/restfulapi/protected/yiic.php(7): require_once('/opt/lampp/htdo...')
#14 /opt/lampp/htdocs/restfulapi/protected/yiic(4): require_once('/opt/lampp/htdo...')
#15 {main}
---
2017/12/11 01:23:45 [error] [exception.CDbException] exception 'CDbException' with message 'CDbConnection failed to open the DB connection: could not find driver' in /opt/lampp/htdocs/yii/framework/db/CDbConnection.php:399
Stack trace:
#0 /opt/lampp/htdocs/yii/framework/db/CDbConnection.php(347): CDbConnection->open()
#1 /opt/lampp/htdocs/yii/framework/db/CDbConnection.php(325): CDbConnection->setActive(true)
#2 /opt/lampp/htdocs/yii/framework/base/CModule.php(394): CDbConnection->init()
#3 /opt/lampp/htdocs/yii/framework/cli/commands/MigrateCommand.php(472): CModule->getComponent('db')
#4 /opt/lampp/htdocs/yii/framework/cli/commands/MigrateCommand.php(481): MigrateCommand->getDbConnection()
#5 /opt/lampp/htdocs/yii/framework/cli/commands/MigrateCommand.php(512): MigrateCommand->getMigrationHistory(-1)
#6 /opt/lampp/htdocs/yii/framework/cli/commands/MigrateCommand.php(84): MigrateCommand->getNewMigrations()
#7 [internal function]: MigrateCommand->actionUp(Array)
#8 /opt/lampp/htdocs/yii/framework/console/CConsoleCommand.php(172): ReflectionMethod->invokeArgs(Object(MigrateCommand), Array)
#9 /opt/lampp/htdocs/yii/framework/console/CConsoleCommandRunner.php(71): CConsoleCommand->run(Array)
#10 /opt/lampp/htdocs/yii/framework/console/CConsoleApplication.php(92): CConsoleCommandRunner->run(Array)
#11 /opt/lampp/htdocs/yii/framework/base/CApplication.php(185): CConsoleApplication->processRequest()
#12 /opt/lampp/htdocs/yii/framework/yiic.php(33): CApplication->run()
#13 /opt/lampp/htdocs/restfulapi/protected/yiic.php(7): require_once('/opt/lampp/htdo...')
#14 /opt/lampp/htdocs/restfulapi/protected/yiic(4): require_once('/opt/lampp/htdo...')
#15 {main}
---
2017/12/11 01:23:47 [error] [exception.CDbException] exception 'CDbException' with message 'CDbConnection failed to open the DB connection: could not find driver' in /opt/lampp/htdocs/yii/framework/db/CDbConnection.php:399
Stack trace:
#0 /opt/lampp/htdocs/yii/framework/db/CDbConnection.php(347): CDbConnection->open()
#1 /opt/lampp/htdocs/yii/framework/db/CDbConnection.php(325): CDbConnection->setActive(true)
#2 /opt/lampp/htdocs/yii/framework/base/CModule.php(394): CDbConnection->init()
#3 /opt/lampp/htdocs/yii/framework/cli/commands/MigrateCommand.php(472): CModule->getComponent('db')
#4 /opt/lampp/htdocs/yii/framework/cli/commands/MigrateCommand.php(481): MigrateCommand->getDbConnection()
#5 /opt/lampp/htdocs/yii/framework/cli/commands/MigrateCommand.php(512): MigrateCommand->getMigrationHistory(-1)
#6 /opt/lampp/htdocs/yii/framework/cli/commands/MigrateCommand.php(84): MigrateCommand->getNewMigrations()
#7 [internal function]: MigrateCommand->actionUp(Array)
#8 /opt/lampp/htdocs/yii/framework/console/CConsoleCommand.php(172): ReflectionMethod->invokeArgs(Object(MigrateCommand), Array)
#9 /opt/lampp/htdocs/yii/framework/console/CConsoleCommandRunner.php(71): CConsoleCommand->run(Array)
#10 /opt/lampp/htdocs/yii/framework/console/CConsoleApplication.php(92): CConsoleCommandRunner->run(Array)
#11 /opt/lampp/htdocs/yii/framework/base/CApplication.php(185): CConsoleApplication->processRequest()
#12 /opt/lampp/htdocs/yii/framework/yiic.php(33): CApplication->run()
#13 /opt/lampp/htdocs/restfulapi/protected/yiic.php(7): require_once('/opt/lampp/htdo...')
#14 /opt/lampp/htdocs/restfulapi/protected/yiic(4): require_once('/opt/lampp/htdo...')
#15 {main}
---
2017/12/11 01:24:48 [error] [exception.CDbException] exception 'CDbException' with message 'CDbConnection failed to open the DB connection: could not find driver' in /opt/lampp/htdocs/yii/framework/db/CDbConnection.php:399
Stack trace:
#0 /opt/lampp/htdocs/yii/framework/db/CDbConnection.php(347): CDbConnection->open()
#1 /opt/lampp/htdocs/yii/framework/db/CDbConnection.php(325): CDbConnection->setActive(true)
#2 /opt/lampp/htdocs/yii/framework/base/CModule.php(394): CDbConnection->init()
#3 /opt/lampp/htdocs/yii/framework/cli/commands/MigrateCommand.php(472): CModule->getComponent('db')
#4 /opt/lampp/htdocs/yii/framework/cli/commands/MigrateCommand.php(481): MigrateCommand->getDbConnection()
#5 /opt/lampp/htdocs/yii/framework/cli/commands/MigrateCommand.php(512): MigrateCommand->getMigrationHistory(-1)
#6 /opt/lampp/htdocs/yii/framework/cli/commands/MigrateCommand.php(84): MigrateCommand->getNewMigrations()
#7 [internal function]: MigrateCommand->actionUp(Array)
#8 /opt/lampp/htdocs/yii/framework/console/CConsoleCommand.php(172): ReflectionMethod->invokeArgs(Object(MigrateCommand), Array)
#9 /opt/lampp/htdocs/yii/framework/console/CConsoleCommandRunner.php(71): CConsoleCommand->run(Array)
#10 /opt/lampp/htdocs/yii/framework/console/CConsoleApplication.php(92): CConsoleCommandRunner->run(Array)
#11 /opt/lampp/htdocs/yii/framework/base/CApplication.php(185): CConsoleApplication->processRequest()
#12 /opt/lampp/htdocs/yii/framework/yiic.php(33): CApplication->run()
#13 /opt/lampp/htdocs/restfulapi/protected/yiic.php(7): require_once('/opt/lampp/htdo...')
#14 /opt/lampp/htdocs/restfulapi/protected/yiic(4): require_once('/opt/lampp/htdo...')
#15 {main}
---
2017/12/11 01:25:36 [error] [exception.CDbException] exception 'CDbException' with message 'CDbConnection failed to open the DB connection: could not find driver' in /opt/lampp/htdocs/yii/framework/db/CDbConnection.php:399
Stack trace:
#0 /opt/lampp/htdocs/yii/framework/db/CDbConnection.php(347): CDbConnection->open()
#1 /opt/lampp/htdocs/yii/framework/db/CDbConnection.php(325): CDbConnection->setActive(true)
#2 /opt/lampp/htdocs/yii/framework/base/CModule.php(394): CDbConnection->init()
#3 /opt/lampp/htdocs/yii/framework/cli/commands/MigrateCommand.php(472): CModule->getComponent('db')
#4 /opt/lampp/htdocs/yii/framework/cli/commands/MigrateCommand.php(481): MigrateCommand->getDbConnection()
#5 /opt/lampp/htdocs/yii/framework/cli/commands/MigrateCommand.php(512): MigrateCommand->getMigrationHistory(-1)
#6 /opt/lampp/htdocs/yii/framework/cli/commands/MigrateCommand.php(84): MigrateCommand->getNewMigrations()
#7 [internal function]: MigrateCommand->actionUp(Array)
#8 /opt/lampp/htdocs/yii/framework/console/CConsoleCommand.php(172): ReflectionMethod->invokeArgs(Object(MigrateCommand), Array)
#9 /opt/lampp/htdocs/yii/framework/console/CConsoleCommandRunner.php(71): CConsoleCommand->run(Array)
#10 /opt/lampp/htdocs/yii/framework/console/CConsoleApplication.php(92): CConsoleCommandRunner->run(Array)
#11 /opt/lampp/htdocs/yii/framework/base/CApplication.php(185): CConsoleApplication->processRequest()
#12 /opt/lampp/htdocs/yii/framework/yiic.php(33): CApplication->run()
#13 /opt/lampp/htdocs/restfulapi/protected/yiic.php(7): require_once('/opt/lampp/htdo...')
#14 /opt/lampp/htdocs/restfulapi/protected/yiic(4): require_once('/opt/lampp/htdo...')
#15 {main}
---
2017/12/11 01:32:22 [error] [exception.CDbException] exception 'CDbException' with message 'CDbConnection failed to open the DB connection: could not find driver' in /opt/lampp/htdocs/yii/framework/db/CDbConnection.php:399
Stack trace:
#0 /opt/lampp/htdocs/yii/framework/db/CDbConnection.php(347): CDbConnection->open()
#1 /opt/lampp/htdocs/yii/framework/db/CDbConnection.php(325): CDbConnection->setActive(true)
#2 /opt/lampp/htdocs/yii/framework/base/CModule.php(394): CDbConnection->init()
#3 /opt/lampp/htdocs/yii/framework/cli/commands/MigrateCommand.php(472): CModule->getComponent('db')
#4 /opt/lampp/htdocs/yii/framework/cli/commands/MigrateCommand.php(481): MigrateCommand->getDbConnection()
#5 /opt/lampp/htdocs/yii/framework/cli/commands/MigrateCommand.php(512): MigrateCommand->getMigrationHistory(-1)
#6 /opt/lampp/htdocs/yii/framework/cli/commands/MigrateCommand.php(84): MigrateCommand->getNewMigrations()
#7 [internal function]: MigrateCommand->actionUp(Array)
#8 /opt/lampp/htdocs/yii/framework/console/CConsoleCommand.php(172): ReflectionMethod->invokeArgs(Object(MigrateCommand), Array)
#9 /opt/lampp/htdocs/yii/framework/console/CConsoleCommandRunner.php(71): CConsoleCommand->run(Array)
#10 /opt/lampp/htdocs/yii/framework/console/CConsoleApplication.php(92): CConsoleCommandRunner->run(Array)
#11 /opt/lampp/htdocs/yii/framework/base/CApplication.php(185): CConsoleApplication->processRequest()
#12 /opt/lampp/htdocs/yii/framework/yiic.php(33): CApplication->run()
#13 /opt/lampp/htdocs/restfulapi/protected/yiic.php(7): require_once('/opt/lampp/htdo...')
#14 /opt/lampp/htdocs/restfulapi/protected/yiic(4): require_once('/opt/lampp/htdo...')
#15 {main}
---
2017/12/11 01:32:30 [error] [exception.CDbException] exception 'CDbException' with message 'CDbConnection failed to open the DB connection: could not find driver' in /opt/lampp/htdocs/yii/framework/db/CDbConnection.php:399
Stack trace:
#0 /opt/lampp/htdocs/yii/framework/db/CDbConnection.php(347): CDbConnection->open()
#1 /opt/lampp/htdocs/yii/framework/db/CDbConnection.php(325): CDbConnection->setActive(true)
#2 /opt/lampp/htdocs/yii/framework/base/CModule.php(394): CDbConnection->init()
#3 /opt/lampp/htdocs/yii/framework/cli/commands/MigrateCommand.php(472): CModule->getComponent('db')
#4 /opt/lampp/htdocs/yii/framework/cli/commands/MigrateCommand.php(481): MigrateCommand->getDbConnection()
#5 /opt/lampp/htdocs/yii/framework/cli/commands/MigrateCommand.php(512): MigrateCommand->getMigrationHistory(-1)
#6 /opt/lampp/htdocs/yii/framework/cli/commands/MigrateCommand.php(84): MigrateCommand->getNewMigrations()
#7 [internal function]: MigrateCommand->actionUp(Array)
#8 /opt/lampp/htdocs/yii/framework/console/CConsoleCommand.php(172): ReflectionMethod->invokeArgs(Object(MigrateCommand), Array)
#9 /opt/lampp/htdocs/yii/framework/console/CConsoleCommandRunner.php(71): CConsoleCommand->run(Array)
#10 /opt/lampp/htdocs/yii/framework/console/CConsoleApplication.php(92): CConsoleCommandRunner->run(Array)
#11 /opt/lampp/htdocs/yii/framework/base/CApplication.php(185): CConsoleApplication->processRequest()
#12 /opt/lampp/htdocs/yii/framework/yiic.php(33): CApplication->run()
#13 /opt/lampp/htdocs/restfulapi/protected/yiic.php(7): require_once('/opt/lampp/htdo...')
#14 /opt/lampp/htdocs/restfulapi/protected/yiic(4): require_once('/opt/lampp/htdo...')
#15 {main}
---
2017/12/11 01:32:35 [error] [exception.CDbException] exception 'CDbException' with message 'CDbConnection failed to open the DB connection: could not find driver' in /opt/lampp/htdocs/yii/framework/db/CDbConnection.php:399
Stack trace:
#0 /opt/lampp/htdocs/yii/framework/db/CDbConnection.php(347): CDbConnection->open()
#1 /opt/lampp/htdocs/yii/framework/db/CDbConnection.php(325): CDbConnection->setActive(true)
#2 /opt/lampp/htdocs/yii/framework/base/CModule.php(394): CDbConnection->init()
#3 /opt/lampp/htdocs/yii/framework/cli/commands/MigrateCommand.php(472): CModule->getComponent('db')
#4 /opt/lampp/htdocs/yii/framework/cli/commands/MigrateCommand.php(481): MigrateCommand->getDbConnection()
#5 /opt/lampp/htdocs/yii/framework/cli/commands/MigrateCommand.php(512): MigrateCommand->getMigrationHistory(-1)
#6 /opt/lampp/htdocs/yii/framework/cli/commands/MigrateCommand.php(84): MigrateCommand->getNewMigrations()
#7 [internal function]: MigrateCommand->actionUp(Array)
#8 /opt/lampp/htdocs/yii/framework/console/CConsoleCommand.php(172): ReflectionMethod->invokeArgs(Object(MigrateCommand), Array)
#9 /opt/lampp/htdocs/yii/framework/console/CConsoleCommandRunner.php(71): CConsoleCommand->run(Array)
#10 /opt/lampp/htdocs/yii/framework/console/CConsoleApplication.php(92): CConsoleCommandRunner->run(Array)
#11 /opt/lampp/htdocs/yii/framework/base/CApplication.php(185): CConsoleApplication->processRequest()
#12 /opt/lampp/htdocs/yii/framework/yiic.php(33): CApplication->run()
#13 /opt/lampp/htdocs/restfulapi/protected/yiic.php(7): require_once('/opt/lampp/htdo...')
#14 /opt/lampp/htdocs/restfulapi/protected/yiic(4): require_once('/opt/lampp/htdo...')
#15 {main}
---
2017/12/11 01:32:42 [error] [exception.CDbException] exception 'CDbException' with message 'CDbConnection failed to open the DB connection: could not find driver' in /opt/lampp/htdocs/yii/framework/db/CDbConnection.php:399
Stack trace:
#0 /opt/lampp/htdocs/yii/framework/db/CDbConnection.php(347): CDbConnection->open()
#1 /opt/lampp/htdocs/yii/framework/db/CDbConnection.php(325): CDbConnection->setActive(true)
#2 /opt/lampp/htdocs/yii/framework/base/CModule.php(394): CDbConnection->init()
#3 /opt/lampp/htdocs/yii/framework/cli/commands/MigrateCommand.php(472): CModule->getComponent('db')
#4 /opt/lampp/htdocs/yii/framework/cli/commands/MigrateCommand.php(481): MigrateCommand->getDbConnection()
#5 /opt/lampp/htdocs/yii/framework/cli/commands/MigrateCommand.php(512): MigrateCommand->getMigrationHistory(-1)
#6 /opt/lampp/htdocs/yii/framework/cli/commands/MigrateCommand.php(84): MigrateCommand->getNewMigrations()
#7 [internal function]: MigrateCommand->actionUp(Array)
#8 /opt/lampp/htdocs/yii/framework/console/CConsoleCommand.php(172): ReflectionMethod->invokeArgs(Object(MigrateCommand), Array)
#9 /opt/lampp/htdocs/yii/framework/console/CConsoleCommandRunner.php(71): CConsoleCommand->run(Array)
#10 /opt/lampp/htdocs/yii/framework/console/CConsoleApplication.php(92): CConsoleCommandRunner->run(Array)
#11 /opt/lampp/htdocs/yii/framework/base/CApplication.php(185): CConsoleApplication->processRequest()
#12 /opt/lampp/htdocs/yii/framework/yiic.php(33): CApplication->run()
#13 /opt/lampp/htdocs/restfulapi/protected/yiic.php(7): require_once('/opt/lampp/htdo...')
#14 /opt/lampp/htdocs/restfulapi/protected/yiic(4): require_once('/opt/lampp/htdo...')
#15 {main}
---
2017/12/11 01:32:50 [error] [exception.CDbException] exception 'CDbException' with message 'CDbConnection failed to open the DB connection: could not find driver' in /opt/lampp/htdocs/yii/framework/db/CDbConnection.php:399
Stack trace:
#0 /opt/lampp/htdocs/yii/framework/db/CDbConnection.php(347): CDbConnection->open()
#1 /opt/lampp/htdocs/yii/framework/db/CDbConnection.php(325): CDbConnection->setActive(true)
#2 /opt/lampp/htdocs/yii/framework/base/CModule.php(394): CDbConnection->init()
#3 /opt/lampp/htdocs/yii/framework/cli/commands/MigrateCommand.php(472): CModule->getComponent('db')
#4 /opt/lampp/htdocs/yii/framework/cli/commands/MigrateCommand.php(481): MigrateCommand->getDbConnection()
#5 /opt/lampp/htdocs/yii/framework/cli/commands/MigrateCommand.php(512): MigrateCommand->getMigrationHistory(-1)
#6 /opt/lampp/htdocs/yii/framework/cli/commands/MigrateCommand.php(84): MigrateCommand->getNewMigrations()
#7 [internal function]: MigrateCommand->actionUp(Array)
#8 /opt/lampp/htdocs/yii/framework/console/CConsoleCommand.php(172): ReflectionMethod->invokeArgs(Object(MigrateCommand), Array)
#9 /opt/lampp/htdocs/yii/framework/console/CConsoleCommandRunner.php(71): CConsoleCommand->run(Array)
#10 /opt/lampp/htdocs/yii/framework/console/CConsoleApplication.php(92): CConsoleCommandRunner->run(Array)
#11 /opt/lampp/htdocs/yii/framework/base/CApplication.php(185): CConsoleApplication->processRequest()
#12 /opt/lampp/htdocs/yii/framework/yiic.php(33): CApplication->run()
#13 /opt/lampp/htdocs/restfulapi/protected/yiic.php(7): require_once('/opt/lampp/htdo...')
#14 {main}
---
2017/12/11 01:34:08 [error] [exception.CDbException] exception 'CDbException' with message 'CDbConnection failed to open the DB connection: could not find driver' in /opt/lampp/htdocs/yii/framework/db/CDbConnection.php:399
Stack trace:
#0 /opt/lampp/htdocs/yii/framework/db/CDbConnection.php(347): CDbConnection->open()
#1 /opt/lampp/htdocs/yii/framework/db/CDbConnection.php(325): CDbConnection->setActive(true)
#2 /opt/lampp/htdocs/yii/framework/base/CModule.php(394): CDbConnection->init()
#3 /opt/lampp/htdocs/yii/framework/cli/commands/MigrateCommand.php(472): CModule->getComponent('db')
#4 /opt/lampp/htdocs/yii/framework/cli/commands/MigrateCommand.php(481): MigrateCommand->getDbConnection()
#5 /opt/lampp/htdocs/yii/framework/cli/commands/MigrateCommand.php(512): MigrateCommand->getMigrationHistory(-1)
#6 /opt/lampp/htdocs/yii/framework/cli/commands/MigrateCommand.php(84): MigrateCommand->getNewMigrations()
#7 [internal function]: MigrateCommand->actionUp(Array)
#8 /opt/lampp/htdocs/yii/framework/console/CConsoleCommand.php(172): ReflectionMethod->invokeArgs(Object(MigrateCommand), Array)
#9 /opt/lampp/htdocs/yii/framework/console/CConsoleCommandRunner.php(71): CConsoleCommand->run(Array)
#10 /opt/lampp/htdocs/yii/framework/console/CConsoleApplication.php(92): CConsoleCommandRunner->run(Array)
#11 /opt/lampp/htdocs/yii/framework/base/CApplication.php(185): CConsoleApplication->processRequest()
#12 /opt/lampp/htdocs/yii/framework/yiic.php(33): CApplication->run()
#13 /opt/lampp/htdocs/restfulapi/protected/yiic.php(7): require_once('/opt/lampp/htdo...')
#14 {main}
---
2017/12/11 01:34:09 [error] [exception.CDbException] exception 'CDbException' with message 'CDbConnection failed to open the DB connection: could not find driver' in /opt/lampp/htdocs/yii/framework/db/CDbConnection.php:399
Stack trace:
#0 /opt/lampp/htdocs/yii/framework/db/CDbConnection.php(347): CDbConnection->open()
#1 /opt/lampp/htdocs/yii/framework/db/CDbConnection.php(325): CDbConnection->setActive(true)
#2 /opt/lampp/htdocs/yii/framework/base/CModule.php(394): CDbConnection->init()
#3 /opt/lampp/htdocs/yii/framework/cli/commands/MigrateCommand.php(472): CModule->getComponent('db')
#4 /opt/lampp/htdocs/yii/framework/cli/commands/MigrateCommand.php(481): MigrateCommand->getDbConnection()
#5 /opt/lampp/htdocs/yii/framework/cli/commands/MigrateCommand.php(512): MigrateCommand->getMigrationHistory(-1)
#6 /opt/lampp/htdocs/yii/framework/cli/commands/MigrateCommand.php(84): MigrateCommand->getNewMigrations()
#7 [internal function]: MigrateCommand->actionUp(Array)
#8 /opt/lampp/htdocs/yii/framework/console/CConsoleCommand.php(172): ReflectionMethod->invokeArgs(Object(MigrateCommand), Array)
#9 /opt/lampp/htdocs/yii/framework/console/CConsoleCommandRunner.php(71): CConsoleCommand->run(Array)
#10 /opt/lampp/htdocs/yii/framework/console/CConsoleApplication.php(92): CConsoleCommandRunner->run(Array)
#11 /opt/lampp/htdocs/yii/framework/base/CApplication.php(185): CConsoleApplication->processRequest()
#12 /opt/lampp/htdocs/yii/framework/yiic.php(33): CApplication->run()
#13 /opt/lampp/htdocs/restfulapi/protected/yiic.php(7): require_once('/opt/lampp/htdo...')
#14 {main}
---
2017/12/11 01:34:12 [error] [exception.CDbException] exception 'CDbException' with message 'CDbConnection failed to open the DB connection: could not find driver' in /opt/lampp/htdocs/yii/framework/db/CDbConnection.php:399
Stack trace:
#0 /opt/lampp/htdocs/yii/framework/db/CDbConnection.php(347): CDbConnection->open()
#1 /opt/lampp/htdocs/yii/framework/db/CDbConnection.php(325): CDbConnection->setActive(true)
#2 /opt/lampp/htdocs/yii/framework/base/CModule.php(394): CDbConnection->init()
#3 /opt/lampp/htdocs/yii/framework/cli/commands/MigrateCommand.php(472): CModule->getComponent('db')
#4 /opt/lampp/htdocs/yii/framework/cli/commands/MigrateCommand.php(481): MigrateCommand->getDbConnection()
#5 /opt/lampp/htdocs/yii/framework/cli/commands/MigrateCommand.php(512): MigrateCommand->getMigrationHistory(-1)
#6 /opt/lampp/htdocs/yii/framework/cli/commands/MigrateCommand.php(84): MigrateCommand->getNewMigrations()
#7 [internal function]: MigrateCommand->actionUp(Array)
#8 /opt/lampp/htdocs/yii/framework/console/CConsoleCommand.php(172): ReflectionMethod->invokeArgs(Object(MigrateCommand), Array)
#9 /opt/lampp/htdocs/yii/framework/console/CConsoleCommandRunner.php(71): CConsoleCommand->run(Array)
#10 /opt/lampp/htdocs/yii/framework/console/CConsoleApplication.php(92): CConsoleCommandRunner->run(Array)
#11 /opt/lampp/htdocs/yii/framework/base/CApplication.php(185): CConsoleApplication->processRequest()
#12 /opt/lampp/htdocs/yii/framework/yiic.php(33): CApplication->run()
#13 /opt/lampp/htdocs/restfulapi/protected/yiic.php(7): require_once('/opt/lampp/htdo...')
#14 /opt/lampp/htdocs/restfulapi/protected/yiic(4): require_once('/opt/lampp/htdo...')
#15 {main}
---
2017/12/11 01:34:29 [error] [exception.CDbException] exception 'CDbException' with message 'CDbConnection failed to open the DB connection: could not find driver' in /opt/lampp/htdocs/yii/framework/db/CDbConnection.php:399
Stack trace:
#0 /opt/lampp/htdocs/yii/framework/db/CDbConnection.php(347): CDbConnection->open()
#1 /opt/lampp/htdocs/yii/framework/db/CDbConnection.php(325): CDbConnection->setActive(true)
#2 /opt/lampp/htdocs/yii/framework/base/CModule.php(394): CDbConnection->init()
#3 /opt/lampp/htdocs/yii/framework/cli/commands/MigrateCommand.php(472): CModule->getComponent('db')
#4 /opt/lampp/htdocs/yii/framework/cli/commands/MigrateCommand.php(481): MigrateCommand->getDbConnection()
#5 /opt/lampp/htdocs/yii/framework/cli/commands/MigrateCommand.php(512): MigrateCommand->getMigrationHistory(-1)
#6 /opt/lampp/htdocs/yii/framework/cli/commands/MigrateCommand.php(84): MigrateCommand->getNewMigrations()
#7 [internal function]: MigrateCommand->actionUp(Array)
#8 /opt/lampp/htdocs/yii/framework/console/CConsoleCommand.php(172): ReflectionMethod->invokeArgs(Object(MigrateCommand), Array)
#9 /opt/lampp/htdocs/yii/framework/console/CConsoleCommandRunner.php(71): CConsoleCommand->run(Array)
#10 /opt/lampp/htdocs/yii/framework/console/CConsoleApplication.php(92): CConsoleCommandRunner->run(Array)
#11 /opt/lampp/htdocs/yii/framework/base/CApplication.php(185): CConsoleApplication->processRequest()
#12 /opt/lampp/htdocs/yii/framework/yiic.php(33): CApplication->run()
#13 /opt/lampp/htdocs/restfulapi/protected/yiic.php(7): require_once('/opt/lampp/htdo...')
#14 /opt/lampp/htdocs/restfulapi/protected/yiic(4): require_once('/opt/lampp/htdo...')
#15 {main}
---
2017/12/11 01:34:30 [error] [exception.CDbException] exception 'CDbException' with message 'CDbConnection failed to open the DB connection: could not find driver' in /opt/lampp/htdocs/yii/framework/db/CDbConnection.php:399
Stack trace:
#0 /opt/lampp/htdocs/yii/framework/db/CDbConnection.php(347): CDbConnection->open()
#1 /opt/lampp/htdocs/yii/framework/db/CDbConnection.php(325): CDbConnection->setActive(true)
#2 /opt/lampp/htdocs/yii/framework/base/CModule.php(394): CDbConnection->init()
#3 /opt/lampp/htdocs/yii/framework/cli/commands/MigrateCommand.php(472): CModule->getComponent('db')
#4 /opt/lampp/htdocs/yii/framework/cli/commands/MigrateCommand.php(481): MigrateCommand->getDbConnection()
#5 /opt/lampp/htdocs/yii/framework/cli/commands/MigrateCommand.php(512): MigrateCommand->getMigrationHistory(-1)
#6 /opt/lampp/htdocs/yii/framework/cli/commands/MigrateCommand.php(84): MigrateCommand->getNewMigrations()
#7 [internal function]: MigrateCommand->actionUp(Array)
#8 /opt/lampp/htdocs/yii/framework/console/CConsoleCommand.php(172): ReflectionMethod->invokeArgs(Object(MigrateCommand), Array)
#9 /opt/lampp/htdocs/yii/framework/console/CConsoleCommandRunner.php(71): CConsoleCommand->run(Array)
#10 /opt/lampp/htdocs/yii/framework/console/CConsoleApplication.php(92): CConsoleCommandRunner->run(Array)
#11 /opt/lampp/htdocs/yii/framework/base/CApplication.php(185): CConsoleApplication->processRequest()
#12 /opt/lampp/htdocs/yii/framework/yiic.php(33): CApplication->run()
#13 /opt/lampp/htdocs/restfulapi/protected/yiic.php(7): require_once('/opt/lampp/htdo...')
#14 /opt/lampp/htdocs/restfulapi/protected/yiic(4): require_once('/opt/lampp/htdo...')
#15 {main}
---
2017/12/11 01:34:46 [error] [exception.CDbException] exception 'CDbException' with message 'CDbConnection failed to open the DB connection: could not find driver' in /opt/lampp/htdocs/yii/framework/db/CDbConnection.php:399
Stack trace:
#0 /opt/lampp/htdocs/yii/framework/db/CDbConnection.php(347): CDbConnection->open()
#1 /opt/lampp/htdocs/yii/framework/db/CDbConnection.php(325): CDbConnection->setActive(true)
#2 /opt/lampp/htdocs/yii/framework/base/CModule.php(394): CDbConnection->init()
#3 /opt/lampp/htdocs/yii/framework/cli/commands/MigrateCommand.php(472): CModule->getComponent('db')
#4 /opt/lampp/htdocs/yii/framework/cli/commands/MigrateCommand.php(481): MigrateCommand->getDbConnection()
#5 /opt/lampp/htdocs/yii/framework/cli/commands/MigrateCommand.php(512): MigrateCommand->getMigrationHistory(-1)
#6 /opt/lampp/htdocs/yii/framework/cli/commands/MigrateCommand.php(84): MigrateCommand->getNewMigrations()
#7 [internal function]: MigrateCommand->actionUp(Array)
#8 /opt/lampp/htdocs/yii/framework/console/CConsoleCommand.php(172): ReflectionMethod->invokeArgs(Object(MigrateCommand), Array)
#9 /opt/lampp/htdocs/yii/framework/console/CConsoleCommandRunner.php(71): CConsoleCommand->run(Array)
#10 /opt/lampp/htdocs/yii/framework/console/CConsoleApplication.php(92): CConsoleCommandRunner->run(Array)
#11 /opt/lampp/htdocs/yii/framework/base/CApplication.php(185): CConsoleApplication->processRequest()
#12 /opt/lampp/htdocs/yii/framework/yiic.php(33): CApplication->run()
#13 /opt/lampp/htdocs/restfulapi/protected/yiic.php(7): require_once('/opt/lampp/htdo...')
#14 /opt/lampp/htdocs/restfulapi/protected/yiic(4): require_once('/opt/lampp/htdo...')
#15 {main}
---
2017/12/11 01:36:19 [error] [exception.CDbException] exception 'CDbException' with message 'CDbConnection failed to open the DB connection: could not find driver' in /opt/lampp/htdocs/yii/framework/db/CDbConnection.php:399
Stack trace:
#0 /opt/lampp/htdocs/yii/framework/db/CDbConnection.php(347): CDbConnection->open()
#1 /opt/lampp/htdocs/yii/framework/db/CDbConnection.php(325): CDbConnection->setActive(true)
#2 /opt/lampp/htdocs/yii/framework/base/CModule.php(394): CDbConnection->init()
#3 /opt/lampp/htdocs/yii/framework/cli/commands/MigrateCommand.php(472): CModule->getComponent('db')
#4 /opt/lampp/htdocs/yii/framework/cli/commands/MigrateCommand.php(481): MigrateCommand->getDbConnection()
#5 /opt/lampp/htdocs/yii/framework/cli/commands/MigrateCommand.php(512): MigrateCommand->getMigrationHistory(-1)
#6 /opt/lampp/htdocs/yii/framework/cli/commands/MigrateCommand.php(84): MigrateCommand->getNewMigrations()
#7 [internal function]: MigrateCommand->actionUp(Array)
#8 /opt/lampp/htdocs/yii/framework/console/CConsoleCommand.php(172): ReflectionMethod->invokeArgs(Object(MigrateCommand), Array)
#9 /opt/lampp/htdocs/yii/framework/console/CConsoleCommandRunner.php(71): CConsoleCommand->run(Array)
#10 /opt/lampp/htdocs/yii/framework/console/CConsoleApplication.php(92): CConsoleCommandRunner->run(Array)
#11 /opt/lampp/htdocs/yii/framework/base/CApplication.php(185): CConsoleApplication->processRequest()
#12 /opt/lampp/htdocs/yii/framework/yiic.php(33): CApplication->run()
#13 /opt/lampp/htdocs/restfulapi/protected/yiic.php(7): require_once('/opt/lampp/htdo...')
#14 /opt/lampp/htdocs/restfulapi/protected/yiic(4): require_once('/opt/lampp/htdo...')
#15 {main}
---
2017/12/11 01:41:02 [error] [exception.CDbException] exception 'CDbException' with message 'CDbConnection failed to open the DB connection: could not find driver' in /opt/lampp/htdocs/yii/framework/db/CDbConnection.php:399
Stack trace:
#0 /opt/lampp/htdocs/yii/framework/db/CDbConnection.php(347): CDbConnection->open()
#1 /opt/lampp/htdocs/yii/framework/db/CDbConnection.php(325): CDbConnection->setActive(true)
#2 /opt/lampp/htdocs/yii/framework/base/CModule.php(394): CDbConnection->init()
#3 /opt/lampp/htdocs/yii/framework/cli/commands/MigrateCommand.php(472): CModule->getComponent('db')
#4 /opt/lampp/htdocs/yii/framework/cli/commands/MigrateCommand.php(481): MigrateCommand->getDbConnection()
#5 /opt/lampp/htdocs/yii/framework/cli/commands/MigrateCommand.php(512): MigrateCommand->getMigrationHistory(-1)
#6 /opt/lampp/htdocs/yii/framework/cli/commands/MigrateCommand.php(84): MigrateCommand->getNewMigrations()
#7 [internal function]: MigrateCommand->actionUp(Array)
#8 /opt/lampp/htdocs/yii/framework/console/CConsoleCommand.php(172): ReflectionMethod->invokeArgs(Object(MigrateCommand), Array)
#9 /opt/lampp/htdocs/yii/framework/console/CConsoleCommandRunner.php(71): CConsoleCommand->run(Array)
#10 /opt/lampp/htdocs/yii/framework/console/CConsoleApplication.php(92): CConsoleCommandRunner->run(Array)
#11 /opt/lampp/htdocs/yii/framework/base/CApplication.php(185): CConsoleApplication->processRequest()
#12 /opt/lampp/htdocs/yii/framework/yiic.php(33): CApplication->run()
#13 /opt/lampp/htdocs/restfulapi/protected/yiic.php(7): require_once('/opt/lampp/htdo...')
#14 {main}
---
2017/12/11 01:41:19 [error] [exception.CDbException] exception 'CDbException' with message 'CDbConnection failed to open the DB connection: could not find driver' in /opt/lampp/htdocs/yii/framework/db/CDbConnection.php:399
Stack trace:
#0 /opt/lampp/htdocs/yii/framework/db/CDbConnection.php(347): CDbConnection->open()
#1 /opt/lampp/htdocs/yii/framework/db/CDbConnection.php(325): CDbConnection->setActive(true)
#2 /opt/lampp/htdocs/yii/framework/base/CModule.php(394): CDbConnection->init()
#3 /opt/lampp/htdocs/yii/framework/cli/commands/MigrateCommand.php(472): CModule->getComponent('db')
#4 /opt/lampp/htdocs/yii/framework/cli/commands/MigrateCommand.php(481): MigrateCommand->getDbConnection()
#5 /opt/lampp/htdocs/yii/framework/cli/commands/MigrateCommand.php(512): MigrateCommand->getMigrationHistory(-1)
#6 /opt/lampp/htdocs/yii/framework/cli/commands/MigrateCommand.php(84): MigrateCommand->getNewMigrations()
#7 [internal function]: MigrateCommand->actionUp(Array)
#8 /opt/lampp/htdocs/yii/framework/console/CConsoleCommand.php(172): ReflectionMethod->invokeArgs(Object(MigrateCommand), Array)
#9 /opt/lampp/htdocs/yii/framework/console/CConsoleCommandRunner.php(71): CConsoleCommand->run(Array)
#10 /opt/lampp/htdocs/yii/framework/console/CConsoleApplication.php(92): CConsoleCommandRunner->run(Array)
#11 /opt/lampp/htdocs/yii/framework/base/CApplication.php(185): CConsoleApplication->processRequest()
#12 /opt/lampp/htdocs/yii/framework/yiic.php(33): CApplication->run()
#13 /opt/lampp/htdocs/restfulapi/protected/yiic.php(7): require_once('/opt/lampp/htdo...')
#14 {main}
---
2017/12/11 01:51:55 [error] [exception.CDbException] exception 'CDbException' with message 'CDbConnection failed to open the DB connection: could not find driver' in /opt/lampp/htdocs/yii/framework/db/CDbConnection.php:399
Stack trace:
#0 /opt/lampp/htdocs/yii/framework/db/CDbConnection.php(347): CDbConnection->open()
#1 /opt/lampp/htdocs/yii/framework/db/CDbConnection.php(325): CDbConnection->setActive(true)
#2 /opt/lampp/htdocs/yii/framework/base/CModule.php(394): CDbConnection->init()
#3 /opt/lampp/htdocs/yii/framework/cli/commands/MigrateCommand.php(472): CModule->getComponent('db')
#4 /opt/lampp/htdocs/yii/framework/cli/commands/MigrateCommand.php(481): MigrateCommand->getDbConnection()
#5 /opt/lampp/htdocs/yii/framework/cli/commands/MigrateCommand.php(512): MigrateCommand->getMigrationHistory(-1)
#6 /opt/lampp/htdocs/yii/framework/cli/commands/MigrateCommand.php(84): MigrateCommand->getNewMigrations()
#7 [internal function]: MigrateCommand->actionUp(Array)
#8 /opt/lampp/htdocs/yii/framework/console/CConsoleCommand.php(172): ReflectionMethod->invokeArgs(Object(MigrateCommand), Array)
#9 /opt/lampp/htdocs/yii/framework/console/CConsoleCommandRunner.php(71): CConsoleCommand->run(Array)
#10 /opt/lampp/htdocs/yii/framework/console/CConsoleApplication.php(92): CConsoleCommandRunner->run(Array)
#11 /opt/lampp/htdocs/yii/framework/base/CApplication.php(185): CConsoleApplication->processRequest()
#12 /opt/lampp/htdocs/yii/framework/yiic.php(33): CApplication->run()
#13 /opt/lampp/htdocs/restfulapi/protected/yiic.php(7): require_once('/opt/lampp/htdo...')
#14 /opt/lampp/htdocs/restfulapi/protected/yiic(4): require_once('/opt/lampp/htdo...')
#15 {main}
---
2017/12/11 01:52:16 [error] [exception.CDbException] exception 'CDbException' with message 'CDbConnection failed to open the DB connection: could not find driver' in /opt/lampp/htdocs/yii/framework/db/CDbConnection.php:399
Stack trace:
#0 /opt/lampp/htdocs/yii/framework/db/CDbConnection.php(347): CDbConnection->open()
#1 /opt/lampp/htdocs/yii/framework/db/CDbConnection.php(325): CDbConnection->setActive(true)
#2 /opt/lampp/htdocs/yii/framework/base/CModule.php(394): CDbConnection->init()
#3 /opt/lampp/htdocs/yii/framework/cli/commands/MigrateCommand.php(472): CModule->getComponent('db')
#4 /opt/lampp/htdocs/yii/framework/cli/commands/MigrateCommand.php(481): MigrateCommand->getDbConnection()
#5 /opt/lampp/htdocs/yii/framework/cli/commands/MigrateCommand.php(512): MigrateCommand->getMigrationHistory(-1)
#6 /opt/lampp/htdocs/yii/framework/cli/commands/MigrateCommand.php(84): MigrateCommand->getNewMigrations()
#7 [internal function]: MigrateCommand->actionUp(Array)
#8 /opt/lampp/htdocs/yii/framework/console/CConsoleCommand.php(172): ReflectionMethod->invokeArgs(Object(MigrateCommand), Array)
#9 /opt/lampp/htdocs/yii/framework/console/CConsoleCommandRunner.php(71): CConsoleCommand->run(Array)
#10 /opt/lampp/htdocs/yii/framework/console/CConsoleApplication.php(92): CConsoleCommandRunner->run(Array)
#11 /opt/lampp/htdocs/yii/framework/base/CApplication.php(185): CConsoleApplication->processRequest()
#12 /opt/lampp/htdocs/yii/framework/yiic.php(33): CApplication->run()
#13 /opt/lampp/htdocs/restfulapi/protected/yiic.php(7): require_once('/opt/lampp/htdo...')
#14 /opt/lampp/htdocs/restfulapi/protected/yiic(4): require_once('/opt/lampp/htdo...')
#15 {main}
---
2017/12/11 01:52:22 [error] [exception.CDbException] exception 'CDbException' with message 'CDbConnection failed to open the DB connection: could not find driver' in /opt/lampp/htdocs/yii/framework/db/CDbConnection.php:399
Stack trace:
#0 /opt/lampp/htdocs/yii/framework/db/CDbConnection.php(347): CDbConnection->open()
#1 /opt/lampp/htdocs/yii/framework/db/CDbConnection.php(325): CDbConnection->setActive(true)
#2 /opt/lampp/htdocs/yii/framework/base/CModule.php(394): CDbConnection->init()
#3 /opt/lampp/htdocs/yii/framework/cli/commands/MigrateCommand.php(472): CModule->getComponent('db')
#4 /opt/lampp/htdocs/yii/framework/cli/commands/MigrateCommand.php(481): MigrateCommand->getDbConnection()
#5 /opt/lampp/htdocs/yii/framework/cli/commands/MigrateCommand.php(512): MigrateCommand->getMigrationHistory(-1)
#6 /opt/lampp/htdocs/yii/framework/cli/commands/MigrateCommand.php(84): MigrateCommand->getNewMigrations()
#7 [internal function]: MigrateCommand->actionUp(Array)
#8 /opt/lampp/htdocs/yii/framework/console/CConsoleCommand.php(172): ReflectionMethod->invokeArgs(Object(MigrateCommand), Array)
#9 /opt/lampp/htdocs/yii/framework/console/CConsoleCommandRunner.php(71): CConsoleCommand->run(Array)
#10 /opt/lampp/htdocs/yii/framework/console/CConsoleApplication.php(92): CConsoleCommandRunner->run(Array)
#11 /opt/lampp/htdocs/yii/framework/base/CApplication.php(185): CConsoleApplication->processRequest()
#12 /opt/lampp/htdocs/yii/framework/yiic.php(33): CApplication->run()
#13 /opt/lampp/htdocs/restfulapi/protected/yiic.php(7): require_once('/opt/lampp/htdo...')
#14 /opt/lampp/htdocs/restfulapi/protected/yiic(4): require_once('/opt/lampp/htdo...')
#15 {main}
---
2017/12/11 01:52:29 [error] [exception.CDbException] exception 'CDbException' with message 'CDbConnection failed to open the DB connection: could not find driver' in /opt/lampp/htdocs/yii/framework/db/CDbConnection.php:399
Stack trace:
#0 /opt/lampp/htdocs/yii/framework/db/CDbConnection.php(347): CDbConnection->open()
#1 /opt/lampp/htdocs/yii/framework/db/CDbConnection.php(325): CDbConnection->setActive(true)
#2 /opt/lampp/htdocs/yii/framework/base/CModule.php(394): CDbConnection->init()
#3 /opt/lampp/htdocs/yii/framework/cli/commands/MigrateCommand.php(472): CModule->getComponent('db')
#4 /opt/lampp/htdocs/yii/framework/cli/commands/MigrateCommand.php(481): MigrateCommand->getDbConnection()
#5 /opt/lampp/htdocs/yii/framework/cli/commands/MigrateCommand.php(512): MigrateCommand->getMigrationHistory(-1)
#6 /opt/lampp/htdocs/yii/framework/cli/commands/MigrateCommand.php(84): MigrateCommand->getNewMigrations()
#7 [internal function]: MigrateCommand->actionUp(Array)
#8 /opt/lampp/htdocs/yii/framework/console/CConsoleCommand.php(172): ReflectionMethod->invokeArgs(Object(MigrateCommand), Array)
#9 /opt/lampp/htdocs/yii/framework/console/CConsoleCommandRunner.php(71): CConsoleCommand->run(Array)
#10 /opt/lampp/htdocs/yii/framework/console/CConsoleApplication.php(92): CConsoleCommandRunner->run(Array)
#11 /opt/lampp/htdocs/yii/framework/base/CApplication.php(185): CConsoleApplication->processRequest()
#12 /opt/lampp/htdocs/yii/framework/yiic.php(33): CApplication->run()
#13 /opt/lampp/htdocs/restfulapi/protected/yiic.php(7): require_once('/opt/lampp/htdo...')
#14 /opt/lampp/htdocs/restfulapi/protected/yiic(4): require_once('/opt/lampp/htdo...')
#15 {main}
---
2017/12/11 01:56:12 [error] [exception.CDbException] exception 'CDbException' with message 'CDbConnection failed to open the DB connection: could not find driver' in /opt/lampp/htdocs/yii/framework/db/CDbConnection.php:399
Stack trace:
#0 /opt/lampp/htdocs/yii/framework/db/CDbConnection.php(347): CDbConnection->open()
#1 /opt/lampp/htdocs/yii/framework/db/CDbConnection.php(325): CDbConnection->setActive(true)
#2 /opt/lampp/htdocs/yii/framework/base/CModule.php(394): CDbConnection->init()
#3 /opt/lampp/htdocs/yii/framework/cli/commands/MigrateCommand.php(472): CModule->getComponent('db')
#4 /opt/lampp/htdocs/yii/framework/cli/commands/MigrateCommand.php(481): MigrateCommand->getDbConnection()
#5 /opt/lampp/htdocs/yii/framework/cli/commands/MigrateCommand.php(512): MigrateCommand->getMigrationHistory(-1)
#6 /opt/lampp/htdocs/yii/framework/cli/commands/MigrateCommand.php(84): MigrateCommand->getNewMigrations()
#7 [internal function]: MigrateCommand->actionUp(Array)
#8 /opt/lampp/htdocs/yii/framework/console/CConsoleCommand.php(172): ReflectionMethod->invokeArgs(Object(MigrateCommand), Array)
#9 /opt/lampp/htdocs/yii/framework/console/CConsoleCommandRunner.php(71): CConsoleCommand->run(Array)
#10 /opt/lampp/htdocs/yii/framework/console/CConsoleApplication.php(92): CConsoleCommandRunner->run(Array)
#11 /opt/lampp/htdocs/yii/framework/base/CApplication.php(185): CConsoleApplication->processRequest()
#12 /opt/lampp/htdocs/yii/framework/yiic.php(33): CApplication->run()
#13 /opt/lampp/htdocs/restfulapi/protected/yiic.php(7): require_once('/opt/lampp/htdo...')
#14 /opt/lampp/htdocs/restfulapi/protected/yiic(4): require_once('/opt/lampp/htdo...')
#15 {main}
---
2017/12/11 01:56:17 [error] [exception.CDbException] exception 'CDbException' with message 'CDbConnection failed to open the DB connection: could not find driver' in /opt/lampp/htdocs/yii/framework/db/CDbConnection.php:399
Stack trace:
#0 /opt/lampp/htdocs/yii/framework/db/CDbConnection.php(347): CDbConnection->open()
#1 /opt/lampp/htdocs/yii/framework/db/CDbConnection.php(325): CDbConnection->setActive(true)
#2 /opt/lampp/htdocs/yii/framework/base/CModule.php(394): CDbConnection->init()
#3 /opt/lampp/htdocs/yii/framework/cli/commands/MigrateCommand.php(472): CModule->getComponent('db')
#4 /opt/lampp/htdocs/yii/framework/cli/commands/MigrateCommand.php(481): MigrateCommand->getDbConnection()
#5 /opt/lampp/htdocs/yii/framework/cli/commands/MigrateCommand.php(512): MigrateCommand->getMigrationHistory(-1)
#6 /opt/lampp/htdocs/yii/framework/cli/commands/MigrateCommand.php(84): MigrateCommand->getNewMigrations()
#7 [internal function]: MigrateCommand->actionUp(Array)
#8 /opt/lampp/htdocs/yii/framework/console/CConsoleCommand.php(172): ReflectionMethod->invokeArgs(Object(MigrateCommand), Array)
#9 /opt/lampp/htdocs/yii/framework/console/CConsoleCommandRunner.php(71): CConsoleCommand->run(Array)
#10 /opt/lampp/htdocs/yii/framework/console/CConsoleApplication.php(92): CConsoleCommandRunner->run(Array)
#11 /opt/lampp/htdocs/yii/framework/base/CApplication.php(185): CConsoleApplication->processRequest()
#12 /opt/lampp/htdocs/yii/framework/yiic.php(33): CApplication->run()
#13 /opt/lampp/htdocs/restfulapi/protected/yiic.php(7): require_once('/opt/lampp/htdo...')
#14 /opt/lampp/htdocs/restfulapi/protected/yiic(4): require_once('/opt/lampp/htdo...')
#15 {main}
---
2017/12/11 01:56:33 [error] [exception.CDbException] exception 'CDbException' with message 'CDbConnection failed to open the DB connection: could not find driver' in /opt/lampp/htdocs/yii/framework/db/CDbConnection.php:399
Stack trace:
#0 /opt/lampp/htdocs/yii/framework/db/CDbConnection.php(347): CDbConnection->open()
#1 /opt/lampp/htdocs/yii/framework/db/CDbConnection.php(325): CDbConnection->setActive(true)
#2 /opt/lampp/htdocs/yii/framework/base/CModule.php(394): CDbConnection->init()
#3 /opt/lampp/htdocs/yii/framework/cli/commands/MigrateCommand.php(472): CModule->getComponent('db')
#4 /opt/lampp/htdocs/yii/framework/cli/commands/MigrateCommand.php(481): MigrateCommand->getDbConnection()
#5 /opt/lampp/htdocs/yii/framework/cli/commands/MigrateCommand.php(512): MigrateCommand->getMigrationHistory(-1)
#6 /opt/lampp/htdocs/yii/framework/cli/commands/MigrateCommand.php(84): MigrateCommand->getNewMigrations()
#7 [internal function]: MigrateCommand->actionUp(Array)
#8 /opt/lampp/htdocs/yii/framework/console/CConsoleCommand.php(172): ReflectionMethod->invokeArgs(Object(MigrateCommand), Array)
#9 /opt/lampp/htdocs/yii/framework/console/CConsoleCommandRunner.php(71): CConsoleCommand->run(Array)
#10 /opt/lampp/htdocs/yii/framework/console/CConsoleApplication.php(92): CConsoleCommandRunner->run(Array)
#11 /opt/lampp/htdocs/yii/framework/base/CApplication.php(185): CConsoleApplication->processRequest()
#12 /opt/lampp/htdocs/yii/framework/yiic.php(33): CApplication->run()
#13 /opt/lampp/htdocs/restfulapi/protected/yiic.php(7): require_once('/opt/lampp/htdo...')
#14 /opt/lampp/htdocs/restfulapi/protected/yiic(4): require_once('/opt/lampp/htdo...')
#15 {main}
---
2017/12/11 01:56:52 [error] [exception.CDbException] exception 'CDbException' with message 'CDbConnection failed to open the DB connection: could not find driver' in /opt/lampp/htdocs/yii/framework/db/CDbConnection.php:399
Stack trace:
#0 /opt/lampp/htdocs/yii/framework/db/CDbConnection.php(347): CDbConnection->open()
#1 /opt/lampp/htdocs/yii/framework/db/CDbConnection.php(325): CDbConnection->setActive(true)
#2 /opt/lampp/htdocs/yii/framework/base/CModule.php(394): CDbConnection->init()
#3 /opt/lampp/htdocs/yii/framework/cli/commands/MigrateCommand.php(472): CModule->getComponent('db')
#4 /opt/lampp/htdocs/yii/framework/cli/commands/MigrateCommand.php(481): MigrateCommand->getDbConnection()
#5 /opt/lampp/htdocs/yii/framework/cli/commands/MigrateCommand.php(512): MigrateCommand->getMigrationHistory(-1)
#6 /opt/lampp/htdocs/yii/framework/cli/commands/MigrateCommand.php(84): MigrateCommand->getNewMigrations()
#7 [internal function]: MigrateCommand->actionUp(Array)
#8 /opt/lampp/htdocs/yii/framework/console/CConsoleCommand.php(172): ReflectionMethod->invokeArgs(Object(MigrateCommand), Array)
#9 /opt/lampp/htdocs/yii/framework/console/CConsoleCommandRunner.php(71): CConsoleCommand->run(Array)
#10 /opt/lampp/htdocs/yii/framework/console/CConsoleApplication.php(92): CConsoleCommandRunner->run(Array)
#11 /opt/lampp/htdocs/yii/framework/base/CApplication.php(185): CConsoleApplication->processRequest()
#12 /opt/lampp/htdocs/yii/framework/yiic.php(33): CApplication->run()
#13 /opt/lampp/htdocs/restfulapi/protected/yiic.php(7): require_once('/opt/lampp/htdo...')
#14 /opt/lampp/htdocs/restfulapi/protected/yiic(4): require_once('/opt/lampp/htdo...')
#15 {main}
---
2017/12/11 01:57:18 [error] [exception.CDbException] exception 'CDbException' with message 'CDbConnection failed to open the DB connection: could not find driver' in /opt/lampp/htdocs/yii/framework/db/CDbConnection.php:399
Stack trace:
#0 /opt/lampp/htdocs/yii/framework/db/CDbConnection.php(347): CDbConnection->open()
#1 /opt/lampp/htdocs/yii/framework/db/CDbConnection.php(325): CDbConnection->setActive(true)
#2 /opt/lampp/htdocs/yii/framework/base/CModule.php(394): CDbConnection->init()
#3 /opt/lampp/htdocs/yii/framework/cli/commands/MigrateCommand.php(472): CModule->getComponent('db')
#4 /opt/lampp/htdocs/yii/framework/cli/commands/MigrateCommand.php(481): MigrateCommand->getDbConnection()
#5 /opt/lampp/htdocs/yii/framework/cli/commands/MigrateCommand.php(512): MigrateCommand->getMigrationHistory(-1)
#6 /opt/lampp/htdocs/yii/framework/cli/commands/MigrateCommand.php(84): MigrateCommand->getNewMigrations()
#7 [internal function]: MigrateCommand->actionUp(Array)
#8 /opt/lampp/htdocs/yii/framework/console/CConsoleCommand.php(172): ReflectionMethod->invokeArgs(Object(MigrateCommand), Array)
#9 /opt/lampp/htdocs/yii/framework/console/CConsoleCommandRunner.php(71): CConsoleCommand->run(Array)
#10 /opt/lampp/htdocs/yii/framework/console/CConsoleApplication.php(92): CConsoleCommandRunner->run(Array)
#11 /opt/lampp/htdocs/yii/framework/base/CApplication.php(185): CConsoleApplication->processRequest()
#12 /opt/lampp/htdocs/yii/framework/yiic.php(33): CApplication->run()
#13 /opt/lampp/htdocs/restfulapi/protected/yiic.php(7): require_once('/opt/lampp/htdo...')
#14 /opt/lampp/htdocs/restfulapi/protected/yiic(4): require_once('/opt/lampp/htdo...')
#15 {main}
---
2017/12/11 01:57:30 [error] [exception.CDbException] exception 'CDbException' with message 'CDbConnection failed to open the DB connection: could not find driver' in /opt/lampp/htdocs/yii/framework/db/CDbConnection.php:399
Stack trace:
#0 /opt/lampp/htdocs/yii/framework/db/CDbConnection.php(347): CDbConnection->open()
#1 /opt/lampp/htdocs/yii/framework/db/CDbConnection.php(325): CDbConnection->setActive(true)
#2 /opt/lampp/htdocs/yii/framework/base/CModule.php(394): CDbConnection->init()
#3 /opt/lampp/htdocs/yii/framework/cli/commands/MigrateCommand.php(472): CModule->getComponent('db')
#4 /opt/lampp/htdocs/yii/framework/cli/commands/MigrateCommand.php(481): MigrateCommand->getDbConnection()
#5 /opt/lampp/htdocs/yii/framework/cli/commands/MigrateCommand.php(512): MigrateCommand->getMigrationHistory(-1)
#6 /opt/lampp/htdocs/yii/framework/cli/commands/MigrateCommand.php(84): MigrateCommand->getNewMigrations()
#7 [internal function]: MigrateCommand->actionUp(Array)
#8 /opt/lampp/htdocs/yii/framework/console/CConsoleCommand.php(172): ReflectionMethod->invokeArgs(Object(MigrateCommand), Array)
#9 /opt/lampp/htdocs/yii/framework/console/CConsoleCommandRunner.php(71): CConsoleCommand->run(Array)
#10 /opt/lampp/htdocs/yii/framework/console/CConsoleApplication.php(92): CConsoleCommandRunner->run(Array)
#11 /opt/lampp/htdocs/yii/framework/base/CApplication.php(185): CConsoleApplication->processRequest()
#12 /opt/lampp/htdocs/yii/framework/yiic.php(33): CApplication->run()
#13 /opt/lampp/htdocs/restfulapi/protected/yiic.php(7): require_once('/opt/lampp/htdo...')
#14 {main}
---
2017/12/11 02:01:03 [error] [exception.CDbException] exception 'CDbException' with message 'CDbConnection failed to open the DB connection: could not find driver' in /opt/lampp/htdocs/yii/framework/db/CDbConnection.php:399
Stack trace:
#0 /opt/lampp/htdocs/yii/framework/db/CDbConnection.php(347): CDbConnection->open()
#1 /opt/lampp/htdocs/yii/framework/db/CDbConnection.php(325): CDbConnection->setActive(true)
#2 /opt/lampp/htdocs/yii/framework/base/CModule.php(394): CDbConnection->init()
#3 /opt/lampp/htdocs/yii/framework/cli/commands/MigrateCommand.php(472): CModule->getComponent('db')
#4 /opt/lampp/htdocs/yii/framework/cli/commands/MigrateCommand.php(481): MigrateCommand->getDbConnection()
#5 /opt/lampp/htdocs/yii/framework/cli/commands/MigrateCommand.php(512): MigrateCommand->getMigrationHistory(-1)
#6 /opt/lampp/htdocs/yii/framework/cli/commands/MigrateCommand.php(84): MigrateCommand->getNewMigrations()
#7 [internal function]: MigrateCommand->actionUp(Array)
#8 /opt/lampp/htdocs/yii/framework/console/CConsoleCommand.php(172): ReflectionMethod->invokeArgs(Object(MigrateCommand), Array)
#9 /opt/lampp/htdocs/yii/framework/console/CConsoleCommandRunner.php(71): CConsoleCommand->run(Array)
#10 /opt/lampp/htdocs/yii/framework/console/CConsoleApplication.php(92): CConsoleCommandRunner->run(Array)
#11 /opt/lampp/htdocs/yii/framework/base/CApplication.php(185): CConsoleApplication->processRequest()
#12 /opt/lampp/htdocs/yii/framework/yiic.php(33): CApplication->run()
#13 /opt/lampp/htdocs/restfulapi/protected/yiic.php(7): require_once('/opt/lampp/htdo...')
#14 /opt/lampp/htdocs/restfulapi/protected/yiic(4): require_once('/opt/lampp/htdo...')
#15 {main}
---
2017/12/11 02:02:32 [error] [exception.CDbException] exception 'CDbException' with message 'CDbConnection failed to open the DB connection: could not find driver' in /opt/lampp/htdocs/yii/framework/db/CDbConnection.php:399
Stack trace:
#0 /opt/lampp/htdocs/yii/framework/db/CDbConnection.php(347): CDbConnection->open()
#1 /opt/lampp/htdocs/yii/framework/db/CDbConnection.php(325): CDbConnection->setActive(true)
#2 /opt/lampp/htdocs/yii/framework/base/CModule.php(394): CDbConnection->init()
#3 /opt/lampp/htdocs/yii/framework/cli/commands/MigrateCommand.php(472): CModule->getComponent('db')
#4 /opt/lampp/htdocs/yii/framework/cli/commands/MigrateCommand.php(481): MigrateCommand->getDbConnection()
#5 /opt/lampp/htdocs/yii/framework/cli/commands/MigrateCommand.php(512): MigrateCommand->getMigrationHistory(-1)
#6 /opt/lampp/htdocs/yii/framework/cli/commands/MigrateCommand.php(84): MigrateCommand->getNewMigrations()
#7 [internal function]: MigrateCommand->actionUp(Array)
#8 /opt/lampp/htdocs/yii/framework/console/CConsoleCommand.php(172): ReflectionMethod->invokeArgs(Object(MigrateCommand), Array)
#9 /opt/lampp/htdocs/yii/framework/console/CConsoleCommandRunner.php(71): CConsoleCommand->run(Array)
#10 /opt/lampp/htdocs/yii/framework/console/CConsoleApplication.php(92): CConsoleCommandRunner->run(Array)
#11 /opt/lampp/htdocs/yii/framework/base/CApplication.php(185): CConsoleApplication->processRequest()
#12 /opt/lampp/htdocs/yii/framework/yiic.php(33): CApplication->run()
#13 /opt/lampp/htdocs/restfulapi/protected/yiic.php(7): require_once('/opt/lampp/htdo...')
#14 /opt/lampp/htdocs/restfulapi/protected/yiic(4): require_once('/opt/lampp/htdo...')
#15 {main}
---
2017/12/11 02:02:33 [error] [exception.CDbException] exception 'CDbException' with message 'CDbConnection failed to open the DB connection: could not find driver' in /opt/lampp/htdocs/yii/framework/db/CDbConnection.php:399
Stack trace:
#0 /opt/lampp/htdocs/yii/framework/db/CDbConnection.php(347): CDbConnection->open()
#1 /opt/lampp/htdocs/yii/framework/db/CDbConnection.php(325): CDbConnection->setActive(true)
#2 /opt/lampp/htdocs/yii/framework/base/CModule.php(394): CDbConnection->init()
#3 /opt/lampp/htdocs/yii/framework/cli/commands/MigrateCommand.php(472): CModule->getComponent('db')
#4 /opt/lampp/htdocs/yii/framework/cli/commands/MigrateCommand.php(481): MigrateCommand->getDbConnection()
#5 /opt/lampp/htdocs/yii/framework/cli/commands/MigrateCommand.php(512): MigrateCommand->getMigrationHistory(-1)
#6 /opt/lampp/htdocs/yii/framework/cli/commands/MigrateCommand.php(84): MigrateCommand->getNewMigrations()
#7 [internal function]: MigrateCommand->actionUp(Array)
#8 /opt/lampp/htdocs/yii/framework/console/CConsoleCommand.php(172): ReflectionMethod->invokeArgs(Object(MigrateCommand), Array)
#9 /opt/lampp/htdocs/yii/framework/console/CConsoleCommandRunner.php(71): CConsoleCommand->run(Array)
#10 /opt/lampp/htdocs/yii/framework/console/CConsoleApplication.php(92): CConsoleCommandRunner->run(Array)
#11 /opt/lampp/htdocs/yii/framework/base/CApplication.php(185): CConsoleApplication->processRequest()
#12 /opt/lampp/htdocs/yii/framework/yiic.php(33): CApplication->run()
#13 /opt/lampp/htdocs/restfulapi/protected/yiic.php(7): require_once('/opt/lampp/htdo...')
#14 /opt/lampp/htdocs/restfulapi/protected/yiic(4): require_once('/opt/lampp/htdo...')
#15 {main}
---
2017/12/11 02:02:35 [error] [exception.CDbException] exception 'CDbException' with message 'CDbConnection failed to open the DB connection: could not find driver' in /opt/lampp/htdocs/yii/framework/db/CDbConnection.php:399
Stack trace:
#0 /opt/lampp/htdocs/yii/framework/db/CDbConnection.php(347): CDbConnection->open()
#1 /opt/lampp/htdocs/yii/framework/db/CDbConnection.php(325): CDbConnection->setActive(true)
#2 /opt/lampp/htdocs/yii/framework/base/CModule.php(394): CDbConnection->init()
#3 /opt/lampp/htdocs/yii/framework/cli/commands/MigrateCommand.php(472): CModule->getComponent('db')
#4 /opt/lampp/htdocs/yii/framework/cli/commands/MigrateCommand.php(481): MigrateCommand->getDbConnection()
#5 /opt/lampp/htdocs/yii/framework/cli/commands/MigrateCommand.php(512): MigrateCommand->getMigrationHistory(-1)
#6 /opt/lampp/htdocs/yii/framework/cli/commands/MigrateCommand.php(84): MigrateCommand->getNewMigrations()
#7 [internal function]: MigrateCommand->actionUp(Array)
#8 /opt/lampp/htdocs/yii/framework/console/CConsoleCommand.php(172): ReflectionMethod->invokeArgs(Object(MigrateCommand), Array)
#9 /opt/lampp/htdocs/yii/framework/console/CConsoleCommandRunner.php(71): CConsoleCommand->run(Array)
#10 /opt/lampp/htdocs/yii/framework/console/CConsoleApplication.php(92): CConsoleCommandRunner->run(Array)
#11 /opt/lampp/htdocs/yii/framework/base/CApplication.php(185): CConsoleApplication->processRequest()
#12 /opt/lampp/htdocs/yii/framework/yiic.php(33): CApplication->run()
#13 /opt/lampp/htdocs/restfulapi/protected/yiic.php(7): require_once('/opt/lampp/htdo...')
#14 /opt/lampp/htdocs/restfulapi/protected/yiic(4): require_once('/opt/lampp/htdo...')
#15 {main}
---
